0 info it worked if it ends with ok
1 verbose cli [ '/usr/bin/nodejs', '/usr/bin/npm', 'run', 'server' ]
2 info using npm@3.10.10
3 info using node@v6.11.1
4 verbose run-script [ 'preserver', 'server', 'postserver' ]
5 info lifecycle angular-webpack-workflow@1.0.0~preserver: angular-webpack-workflow@1.0.0
6 silly lifecycle angular-webpack-workflow@1.0.0~preserver: no script for preserver, continuing
7 info lifecycle angular-webpack-workflow@1.0.0~server: angular-webpack-workflow@1.0.0
8 verbose lifecycle angular-webpack-workflow@1.0.0~server: unsafe-perm in lifecycle true
9 verbose lifecycle angular-webpack-workflow@1.0.0~server: PATH: /usr/lib/node_modules/npm/bin/node-gyp-bin:/home/vcollado/Proyectos/chuck-norris-angular-client/node_modules/.bin:/home/vcollado/Proyectos/chuck-norris-angular-client/node_modules/.bin:/home/vcollado/.config/yarn/link/node_modules/.bin:/home/vcollado/Proyectos/chuck-norris-angular-client/node_modules/.bin:/home/vcollado/.config/yarn/link/node_modules/.bin:/usr/bin:/usr/lib/node_modules/npm/bin/node-gyp-bin:/usr/bin/node_modules/npm/bin/node-gyp-bin:/usr/local/bin:/usr/local/sbin:/home/vcollado/bin:/usr/bin:/bin:/usr/local/games:/usr/games:/usr/lib/jvm/java-8-oracle/bin:/usr/lib/jvm/java-8-oracle/db/bin:/usr/lib/jvm/java-8-oracle/jre/bin:/usr/local/go/bin:/home/vcollado/go/bin
10 verbose lifecycle angular-webpack-workflow@1.0.0~server: CWD: /home/vcollado/Proyectos/chuck-norris-angular-client
11 silly lifecycle angular-webpack-workflow@1.0.0~server: Args: [ '-c',
11 silly lifecycle   'webpack-dev-server --history-api-fallback --inline --progress' ]
12 silly lifecycle angular-webpack-workflow@1.0.0~server: Returned: code: 1  signal: null
13 info lifecycle angular-webpack-workflow@1.0.0~server: Failed to exec server script
14 verbose stack Error: angular-webpack-workflow@1.0.0 server: `webpack-dev-server --history-api-fallback --inline --progress`
14 verbose stack Exit status 1
14 verbose stack     at EventEmitter.<anonymous> (/usr/lib/node_modules/npm/lib/utils/lifecycle.js:255:16)
14 verbose stack     at emitTwo (events.js:106:13)
14 verbose stack     at EventEmitter.emit (events.js:191:7)
14 verbose stack     at ChildProcess.<anonymous> (/usr/lib/node_modules/npm/lib/utils/spawn.js:40:14)
14 verbose stack     at emitTwo (events.js:106:13)
14 verbose stack     at ChildProcess.emit (events.js:191:7)
14 verbose stack     at maybeClose (internal/child_process.js:891:16)
14 verbose stack     at Process.ChildProcess._handle.onexit (internal/child_process.js:226:5)
15 verbose pkgid angular-webpack-workflow@1.0.0
16 verbose cwd /home/vcollado/Proyectos/chuck-norris-angular-client
17 error Linux 3.16.0-4-amd64
18 error argv "/usr/bin/nodejs" "/usr/bin/npm" "run" "server"
19 error node v6.11.1
20 error npm  v3.10.10
21 error code ELIFECYCLE
22 error angular-webpack-workflow@1.0.0 server: `webpack-dev-server --history-api-fallback --inline --progress`
22 error Exit status 1
23 error Failed at the angular-webpack-workflow@1.0.0 server script 'webpack-dev-server --history-api-fallback --inline --progress'.
23 error Make sure you have the latest version of node.js and npm installed.
23 error If you do, this is most likely a problem with the angular-webpack-workflow package,
23 error not with npm itself.
23 error Tell the author that this fails on your system:
23 error     webpack-dev-server --history-api-fallback --inline --progress
23 error You can get information on how to open an issue for this project with:
23 error     npm bugs angular-webpack-workflow
23 error Or if that isn't available, you can get their info via:
23 error     npm owner ls angular-webpack-workflow
23 error There is likely additional logging output above.
24 verbose exit [ 1, true ]
